INFO 2025-11-23 13:56:47,706 autoreload 15218 139651306097600 Watching for file changes with StatReloader
INFO 2025-11-23 13:58:50,241 autoreload 16066 139987855608768 Watching for file changes with StatReloader
ERROR 2025-11-23 13:58:58,320 log 16066 139987757557440 Invalid HTTP_HOST header: '0.0.0.0:8000'. You may need to add '0.0.0.0' to ALLOWED_HOSTS.
Traceback (most recent call last):
  File "/home/kilimanjaro/Desktop/cohort-kuku/backend/venv/lib/python3.13/site-packages/django/core/handlers/exception.py", line 55, in inner
    response = get_response(request)
  File "/home/kilimanjaro/Desktop/cohort-kuku/backend/venv/lib/python3.13/site-packages/django/utils/deprecation.py", line 119, in __call__
    response = self.process_request(request)
  File "/home/kilimanjaro/Desktop/cohort-kuku/backend/venv/lib/python3.13/site-packages/django/middleware/common.py", line 48, in process_request
    host = request.get_host()
  File "/home/kilimanjaro/Desktop/cohort-kuku/backend/venv/lib/python3.13/site-packages/django/http/request.py", line 202, in get_host
    raise DisallowedHost(msg)
django.core.exceptions.DisallowedHost: Invalid HTTP_HOST header: '0.0.0.0:8000'. You may need to add '0.0.0.0' to ALLOWED_HOSTS.
WARNING 2025-11-23 13:58:58,324 basehttp 16066 139987757557440 "GET / HTTP/1.1" 400 90889
ERROR 2025-11-23 13:59:00,922 log 16066 139987681015488 Invalid HTTP_HOST header: '0.0.0.0:8000'. You may need to add '0.0.0.0' to ALLOWED_HOSTS.
Traceback (most recent call last):
  File "/home/kilimanjaro/Desktop/cohort-kuku/backend/venv/lib/python3.13/site-packages/django/core/handlers/exception.py", line 55, in inner
    response = get_response(request)
  File "/home/kilimanjaro/Desktop/cohort-kuku/backend/venv/lib/python3.13/site-packages/django/utils/deprecation.py", line 119, in __call__
    response = self.process_request(request)
  File "/home/kilimanjaro/Desktop/cohort-kuku/backend/venv/lib/python3.13/site-packages/django/middleware/common.py", line 48, in process_request
    host = request.get_host()
  File "/home/kilimanjaro/Desktop/cohort-kuku/backend/venv/lib/python3.13/site-packages/django/http/request.py", line 202, in get_host
    raise DisallowedHost(msg)
django.core.exceptions.DisallowedHost: Invalid HTTP_HOST header: '0.0.0.0:8000'. You may need to add '0.0.0.0' to ALLOWED_HOSTS.
WARNING 2025-11-23 13:59:00,926 basehttp 16066 139987681015488 "GET /favicon.ico HTTP/1.1" 400 90940
ERROR 2025-11-23 13:59:09,292 log 16066 139987681015488 Invalid HTTP_HOST header: '0.0.0.0:8000'. You may need to add '0.0.0.0' to ALLOWED_HOSTS.
Traceback (most recent call last):
  File "/home/kilimanjaro/Desktop/cohort-kuku/backend/venv/lib/python3.13/site-packages/django/core/handlers/exception.py", line 55, in inner
    response = get_response(request)
  File "/home/kilimanjaro/Desktop/cohort-kuku/backend/venv/lib/python3.13/site-packages/django/utils/deprecation.py", line 119, in __call__
    response = self.process_request(request)
  File "/home/kilimanjaro/Desktop/cohort-kuku/backend/venv/lib/python3.13/site-packages/django/middleware/common.py", line 48, in process_request
    host = request.get_host()
  File "/home/kilimanjaro/Desktop/cohort-kuku/backend/venv/lib/python3.13/site-packages/django/http/request.py", line 202, in get_host
    raise DisallowedHost(msg)
django.core.exceptions.DisallowedHost: Invalid HTTP_HOST header: '0.0.0.0:8000'. You may need to add '0.0.0.0' to ALLOWED_HOSTS.
WARNING 2025-11-23 13:59:09,293 basehttp 16066 139987681015488 "GET /admin HTTP/1.1" 400 90944
ERROR 2025-11-23 13:59:09,702 log 16066 139987757557440 Invalid HTTP_HOST header: '0.0.0.0:8000'. You may need to add '0.0.0.0' to ALLOWED_HOSTS.
Traceback (most recent call last):
  File "/home/kilimanjaro/Desktop/cohort-kuku/backend/venv/lib/python3.13/site-packages/django/core/handlers/exception.py", line 55, in inner
    response = get_response(request)
  File "/home/kilimanjaro/Desktop/cohort-kuku/backend/venv/lib/python3.13/site-packages/django/utils/deprecation.py", line 119, in __call__
    response = self.process_request(request)
  File "/home/kilimanjaro/Desktop/cohort-kuku/backend/venv/lib/python3.13/site-packages/django/middleware/common.py", line 48, in process_request
    host = request.get_host()
  File "/home/kilimanjaro/Desktop/cohort-kuku/backend/venv/lib/python3.13/site-packages/django/http/request.py", line 202, in get_host
    raise DisallowedHost(msg)
django.core.exceptions.DisallowedHost: Invalid HTTP_HOST header: '0.0.0.0:8000'. You may need to add '0.0.0.0' to ALLOWED_HOSTS.
WARNING 2025-11-23 13:59:09,704 basehttp 16066 139987757557440 "GET /favicon.ico HTTP/1.1" 400 90945
ERROR 2025-11-23 13:59:21,288 log 16066 139987757557440 Invalid HTTP_HOST header: '0.0.0.0:8000'. You may need to add '0.0.0.0' to ALLOWED_HOSTS.
Traceback (most recent call last):
  File "/home/kilimanjaro/Desktop/cohort-kuku/backend/venv/lib/python3.13/site-packages/django/core/handlers/exception.py", line 55, in inner
    response = get_response(request)
  File "/home/kilimanjaro/Desktop/cohort-kuku/backend/venv/lib/python3.13/site-packages/django/utils/deprecation.py", line 119, in __call__
    response = self.process_request(request)
  File "/home/kilimanjaro/Desktop/cohort-kuku/backend/venv/lib/python3.13/site-packages/django/middleware/common.py", line 48, in process_request
    host = request.get_host()
  File "/home/kilimanjaro/Desktop/cohort-kuku/backend/venv/lib/python3.13/site-packages/django/http/request.py", line 202, in get_host
    raise DisallowedHost(msg)
django.core.exceptions.DisallowedHost: Invalid HTTP_HOST header: '0.0.0.0:8000'. You may need to add '0.0.0.0' to ALLOWED_HOSTS.
WARNING 2025-11-23 13:59:21,290 basehttp 16066 139987757557440 "GET / HTTP/1.1" 400 90889
ERROR 2025-11-23 13:59:21,834 log 16066 139987681015488 Invalid HTTP_HOST header: '0.0.0.0:8000'. You may need to add '0.0.0.0' to ALLOWED_HOSTS.
Traceback (most recent call last):
  File "/home/kilimanjaro/Desktop/cohort-kuku/backend/venv/lib/python3.13/site-packages/django/core/handlers/exception.py", line 55, in inner
    response = get_response(request)
  File "/home/kilimanjaro/Desktop/cohort-kuku/backend/venv/lib/python3.13/site-packages/django/utils/deprecation.py", line 119, in __call__
    response = self.process_request(request)
  File "/home/kilimanjaro/Desktop/cohort-kuku/backend/venv/lib/python3.13/site-packages/django/middleware/common.py", line 48, in process_request
    host = request.get_host()
  File "/home/kilimanjaro/Desktop/cohort-kuku/backend/venv/lib/python3.13/site-packages/django/http/request.py", line 202, in get_host
    raise DisallowedHost(msg)
django.core.exceptions.DisallowedHost: Invalid HTTP_HOST header: '0.0.0.0:8000'. You may need to add '0.0.0.0' to ALLOWED_HOSTS.
WARNING 2025-11-23 13:59:21,838 basehttp 16066 139987681015488 "GET /favicon.ico HTTP/1.1" 400 90940
ERROR 2025-11-23 14:00:06,311 log 16066 139987681015488 Invalid HTTP_HOST header: '0.0.0.0:8000'. You may need to add '0.0.0.0' to ALLOWED_HOSTS.
Traceback (most recent call last):
  File "/home/kilimanjaro/Desktop/cohort-kuku/backend/venv/lib/python3.13/site-packages/django/core/handlers/exception.py", line 55, in inner
    response = get_response(request)
  File "/home/kilimanjaro/Desktop/cohort-kuku/backend/venv/lib/python3.13/site-packages/django/utils/deprecation.py", line 119, in __call__
    response = self.process_request(request)
  File "/home/kilimanjaro/Desktop/cohort-kuku/backend/venv/lib/python3.13/site-packages/django/middleware/common.py", line 48, in process_request
    host = request.get_host()
  File "/home/kilimanjaro/Desktop/cohort-kuku/backend/venv/lib/python3.13/site-packages/django/http/request.py", line 202, in get_host
    raise DisallowedHost(msg)
django.core.exceptions.DisallowedHost: Invalid HTTP_HOST header: '0.0.0.0:8000'. You may need to add '0.0.0.0' to ALLOWED_HOSTS.
WARNING 2025-11-23 14:00:06,313 basehttp 16066 139987681015488 "GET /admin HTTP/1.1" 400 90944
ERROR 2025-11-23 14:00:06,738 log 16066 139987757557440 Invalid HTTP_HOST header: '0.0.0.0:8000'. You may need to add '0.0.0.0' to ALLOWED_HOSTS.
Traceback (most recent call last):
  File "/home/kilimanjaro/Desktop/cohort-kuku/backend/venv/lib/python3.13/site-packages/django/core/handlers/exception.py", line 55, in inner
    response = get_response(request)
  File "/home/kilimanjaro/Desktop/cohort-kuku/backend/venv/lib/python3.13/site-packages/django/utils/deprecation.py", line 119, in __call__
    response = self.process_request(request)
  File "/home/kilimanjaro/Desktop/cohort-kuku/backend/venv/lib/python3.13/site-packages/django/middleware/common.py", line 48, in process_request
    host = request.get_host()
  File "/home/kilimanjaro/Desktop/cohort-kuku/backend/venv/lib/python3.13/site-packages/django/http/request.py", line 202, in get_host
    raise DisallowedHost(msg)
django.core.exceptions.DisallowedHost: Invalid HTTP_HOST header: '0.0.0.0:8000'. You may need to add '0.0.0.0' to ALLOWED_HOSTS.
WARNING 2025-11-23 14:00:06,740 basehttp 16066 139987757557440 "GET /favicon.ico HTTP/1.1" 400 90945
INFO 2025-11-23 14:02:23,722 autoreload 17371 139685622275008 Watching for file changes with StatReloader
WARNING 2025-11-23 14:02:30,977 basehttp 17371 139685524399808 "GET / HTTP/1.1" 404 3454
WARNING 2025-11-23 14:02:33,273 basehttp 17371 139685524399808 "GET /favicon.ico HTTP/1.1" 404 3505
INFO 2025-11-23 14:02:41,502 basehttp 17371 139685524399808 "GET /admin HTTP/1.1" 301 0
INFO 2025-11-23 14:02:41,621 basehttp 17371 139685516007104 "GET /admin/ HTTP/1.1" 302 0
INFO 2025-11-23 14:02:41,676 basehttp 17371 139685516007104 "GET /admin/login/?next=/admin/ HTTP/1.1" 200 4182
INFO 2025-11-23 14:02:41,804 basehttp 17371 139685288474304 "GET /static/admin/css/login.css HTTP/1.1" 200 951
INFO 2025-11-23 14:02:41,804 basehttp 17371 139685271688896 "GET /static/admin/js/theme.js HTTP/1.1" 200 1653
INFO 2025-11-23 14:02:41,805 basehttp 17371 139685524399808 "GET /static/admin/css/dark_mode.css HTTP/1.1" 200 2808
INFO 2025-11-23 14:02:41,806 basehttp 17371 139685506565824 "GET /static/admin/css/nav_sidebar.css HTTP/1.1" 200 2810
INFO 2025-11-23 14:02:41,806 basehttp 17371 139685516007104 "GET /static/admin/css/base.css HTTP/1.1" 200 22120
INFO 2025-11-23 14:02:41,807 basehttp 17371 139685280081600 "GET /static/admin/css/responsive.css HTTP/1.1" 200 16565
INFO 2025-11-23 14:02:41,890 basehttp 17371 139685280081600 "GET /static/admin/js/nav_sidebar.js HTTP/1.1" 200 3063
INFO 2025-11-23 14:04:15,889 basehttp 17371 139685280081600 "POST /admin/login/?next=/admin/ HTTP/1.1" 302 0
INFO 2025-11-23 14:04:15,930 basehttp 17371 139685280081600 "GET /admin/ HTTP/1.1" 200 16405
INFO 2025-11-23 14:04:16,025 basehttp 17371 139685280081600 "GET /static/admin/css/dashboard.css HTTP/1.1" 200 441
INFO 2025-11-23 14:04:16,143 basehttp 17371 139685516007104 "GET /static/admin/img/icon-changelink.svg HTTP/1.1" 200 380
INFO 2025-11-23 14:04:16,143 basehttp 17371 139685280081600 "GET /static/admin/img/icon-addlink.svg HTTP/1.1" 200 331
INFO 2025-11-23 14:04:52,187 autoreload 17371 139685622275008 /home/kilimanjaro/Desktop/cohort-kuku/backend/config/settings.py changed, reloading.
INFO 2025-11-23 14:04:53,028 autoreload 18248 140534763015104 Watching for file changes with StatReloader
INFO 2025-11-23 14:38:31,702 autoreload 27789 140605224987584 Watching for file changes with StatReloader
WARNING 2025-11-23 14:38:37,825 basehttp 27789 140605125551808 "GET / HTTP/1.1" 404 3454
INFO 2025-11-23 14:38:47,376 basehttp 27789 140605125551808 "GET /admin/ HTTP/1.1" 200 16405
INFO 2025-11-23 14:38:47,397 basehttp 27789 140605125551808 "GET /static/admin/css/base.css HTTP/1.1" 304 0
INFO 2025-11-23 14:38:47,400 basehttp 27789 140605107717824 "GET /static/admin/js/theme.js HTTP/1.1" 304 0
INFO 2025-11-23 14:38:47,401 basehttp 27789 140605117159104 "GET /static/admin/css/dark_mode.css HTTP/1.1" 304 0
INFO 2025-11-23 14:38:48,343 basehttp 27789 140605107717824 "GET /static/admin/css/dashboard.css HTTP/1.1" 304 0
INFO 2025-11-23 14:38:48,344 basehttp 27789 140605125551808 "GET /static/admin/css/nav_sidebar.css HTTP/1.1" 304 0
INFO 2025-11-23 14:38:48,357 basehttp 27789 140605125551808 "GET /static/admin/js/nav_sidebar.js HTTP/1.1" 304 0
INFO 2025-11-23 14:38:48,357 basehttp 27789 140605107717824 "GET /static/admin/css/responsive.css HTTP/1.1" 304 0
INFO 2025-11-23 14:38:48,417 basehttp 27789 140605107717824 "GET /static/admin/img/icon-addlink.svg HTTP/1.1" 304 0
INFO 2025-11-23 14:38:48,421 basehttp 27789 140605125551808 "GET /static/admin/img/icon-changelink.svg HTTP/1.1" 304 0
INFO 2025-11-23 15:13:43,801 autoreload 5491 140104578927552 Watching for file changes with StatReloader
INFO 2025-11-23 15:37:29,724 autoreload 13168 140259088542656 Watching for file changes with StatReloader
INFO 2025-11-25 10:55:18,886 autoreload 14987 140366481730496 Watching for file changes with StatReloader
INFO 2025-11-25 11:34:51,871 autoreload 27084 139639690701760 Watching for file changes with StatReloader
WARNING 2025-11-25 11:35:18,967 basehttp 27084 139639520229056 "GET /api/devices/ HTTP/1.1" 404 3510
WARNING 2025-11-25 11:35:18,995 basehttp 27084 139639520229056 "GET /api/batches/ HTTP/1.1" 404 3510
INFO 2025-11-25 11:37:02,016 autoreload 27084 139639690701760 /home/kilimanjaro/Desktop/cohort-kuku/backend/config/urls.py changed, reloading.
INFO 2025-11-25 11:37:03,182 autoreload 27847 140440112458688 Watching for file changes with StatReloader
INFO 2025-11-25 11:38:23,384 autoreload 28242 139984241544128 Watching for file changes with StatReloader
INFO 2025-11-25 11:40:04,744 autoreload 28788 140550630427584 Watching for file changes with StatReloader
INFO 2025-11-25 11:42:09,737 autoreload 29454 140514165169088 Watching for file changes with StatReloader
INFO 2025-11-25 11:48:08,432 autoreload 31362 139736426011584 Watching for file changes with StatReloader
INFO 2025-11-25 11:53:36,693 autoreload 33376 140514028219328 Watching for file changes with StatReloader
INFO 2025-11-25 11:54:28,778 autoreload 33704 140557626383296 Watching for file changes with StatReloader
INFO 2025-11-25 11:55:43,469 autoreload 34215 140198044367808 Watching for file changes with StatReloader
INFO 2025-11-25 12:03:07,286 autoreload 36526 139742880508864 Watching for file changes with StatReloader
INFO 2025-11-25 12:14:23,989 autoreload 40315 139997986220992 Watching for file changes with StatReloader
ERROR 2025-11-25 12:14:31,542 log 40315 139997814453952 Internal Server Error: /api/devices/
Traceback (most recent call last):
  File "/home/kilimanjaro/Desktop/cohort-kuku/backend/venv/lib/python3.13/site-packages/rest_framework/views.py", line 503, in dispatch
    self.initial(request, *args, **kwargs)
    ~~~~~~~~~~~~^^^^^^^^^^^^^^^^^^^^^^^^^^
  File "/home/kilimanjaro/Desktop/cohort-kuku/backend/venv/lib/python3.13/site-packages/rest_framework/views.py", line 421, in initial
    self.check_permissions(request)
    ~~~~~~~~~~~~~~~~~~~~~~^^^^^^^^^
  File "/home/kilimanjaro/Desktop/cohort-kuku/backend/venv/lib/python3.13/site-packages/rest_framework/views.py", line 339, in check_permissions
    self.permission_denied(
    ~~~~~~~~~~~~~~~~~~~~~~^
        request,
        ^^^^^^^^
        message=getattr(permission, 'message', None),
        ^^^^^^^^^^^^^^^^^^^^^^^^^^^^^^^^^^^^^^^^^^^^^
        code=getattr(permission, 'code', None)
        ^^^^^^^^^^^^^^^^^^^^^^^^^^^^^^^^^^^^^^
    )
    ^
  File "/home/kilimanjaro/Desktop/cohort-kuku/backend/venv/lib/python3.13/site-packages/rest_framework/views.py", line 180, in permission_denied
    raise exceptions.NotAuthenticated()
rest_framework.exceptions.NotAuthenticated: Authentication credentials were not provided.

During handling of the above exception, another exception occurred:

Traceback (most recent call last):
  File "/home/kilimanjaro/Desktop/cohort-kuku/backend/venv/lib/python3.13/site-packages/rest_framework/settings.py", line 179, in import_from_string
    return import_string(val)
  File "/home/kilimanjaro/Desktop/cohort-kuku/backend/venv/lib/python3.13/site-packages/django/utils/module_loading.py", line 30, in import_string
    return cached_import(module_path, class_name)
  File "/home/kilimanjaro/Desktop/cohort-kuku/backend/venv/lib/python3.13/site-packages/django/utils/module_loading.py", line 15, in cached_import
    module = import_module(module_path)
  File "/usr/lib/python3.13/importlib/__init__.py", line 88, in import_module
    return _bootstrap._gcd_import(name[level:], package, level)
           ~~~~~~~~~~~~~~~~~~~~~~^^^^^^^^^^^^^^^^^^^^^^^^^^^^^^
  File "<frozen importlib._bootstrap>", line 1387, in _gcd_import
  File "<frozen importlib._bootstrap>", line 1360, in _find_and_load
  File "<frozen importlib._bootstrap>", line 1324, in _find_and_load_unlocked
ModuleNotFoundError: No module named 'config.exceptions'

During handling of the above exception, another exception occurred:

Traceback (most recent call last):
  File "/home/kilimanjaro/Desktop/cohort-kuku/backend/venv/lib/python3.13/site-packages/django/core/handlers/exception.py", line 55, in inner
    response = get_response(request)
  File "/home/kilimanjaro/Desktop/cohort-kuku/backend/venv/lib/python3.13/site-packages/django/core/handlers/base.py", line 197, in _get_response
    response = wrapped_callback(request, *callback_args, **callback_kwargs)
  File "/home/kilimanjaro/Desktop/cohort-kuku/backend/venv/lib/python3.13/site-packages/django/views/decorators/csrf.py", line 65, in _view_wrapper
    return view_func(request, *args, **kwargs)
  File "/home/kilimanjaro/Desktop/cohort-kuku/backend/venv/lib/python3.13/site-packages/rest_framework/viewsets.py", line 125, in view
    return self.dispatch(request, *args, **kwargs)
           ~~~~~~~~~~~~~^^^^^^^^^^^^^^^^^^^^^^^^^^
  File "/home/kilimanjaro/Desktop/cohort-kuku/backend/venv/lib/python3.13/site-packages/rest_framework/views.py", line 515, in dispatch
    response = self.handle_exception(exc)
  File "/home/kilimanjaro/Desktop/cohort-kuku/backend/venv/lib/python3.13/site-packages/rest_framework/views.py", line 469, in handle_exception
    exception_handler = self.get_exception_handler()
  File "/home/kilimanjaro/Desktop/cohort-kuku/backend/venv/lib/python3.13/site-packages/rest_framework/views.py", line 304, in get_exception_handler
    return self.settings.EXCEPTION_HANDLER
           ^^^^^^^^^^^^^^^^^^^^^^^^^^^^^^^
  File "/home/kilimanjaro/Desktop/cohort-kuku/backend/venv/lib/python3.13/site-packages/rest_framework/settings.py", line 227, in __getattr__
    val = perform_import(val, attr)
  File "/home/kilimanjaro/Desktop/cohort-kuku/backend/venv/lib/python3.13/site-packages/rest_framework/settings.py", line 168, in perform_import
    return import_from_string(val, setting_name)
  File "/home/kilimanjaro/Desktop/cohort-kuku/backend/venv/lib/python3.13/site-packages/rest_framework/settings.py", line 182, in import_from_string
    raise ImportError(msg)
ImportError: Could not import 'config.exceptions.custom_exception_handler' for API setting 'EXCEPTION_HANDLER'. ModuleNotFoundError: No module named 'config.exceptions'.
ERROR 2025-11-25 12:14:31,549 basehttp 40315 139997814453952 "GET /api/devices/ HTTP/1.1" 500 158754
ERROR 2025-11-25 12:14:31,793 log 40315 139997814453952 Internal Server Error: /api/batches/
Traceback (most recent call last):
  File "/home/kilimanjaro/Desktop/cohort-kuku/backend/venv/lib/python3.13/site-packages/rest_framework/views.py", line 503, in dispatch
    self.initial(request, *args, **kwargs)
    ~~~~~~~~~~~~^^^^^^^^^^^^^^^^^^^^^^^^^^
  File "/home/kilimanjaro/Desktop/cohort-kuku/backend/venv/lib/python3.13/site-packages/rest_framework/views.py", line 421, in initial
    self.check_permissions(request)
    ~~~~~~~~~~~~~~~~~~~~~~^^^^^^^^^
  File "/home/kilimanjaro/Desktop/cohort-kuku/backend/venv/lib/python3.13/site-packages/rest_framework/views.py", line 339, in check_permissions
    self.permission_denied(
    ~~~~~~~~~~~~~~~~~~~~~~^
        request,
        ^^^^^^^^
        message=getattr(permission, 'message', None),
        ^^^^^^^^^^^^^^^^^^^^^^^^^^^^^^^^^^^^^^^^^^^^^
        code=getattr(permission, 'code', None)
        ^^^^^^^^^^^^^^^^^^^^^^^^^^^^^^^^^^^^^^
    )
    ^
  File "/home/kilimanjaro/Desktop/cohort-kuku/backend/venv/lib/python3.13/site-packages/rest_framework/views.py", line 180, in permission_denied
    raise exceptions.NotAuthenticated()
rest_framework.exceptions.NotAuthenticated: Authentication credentials were not provided.

During handling of the above exception, another exception occurred:

Traceback (most recent call last):
  File "/home/kilimanjaro/Desktop/cohort-kuku/backend/venv/lib/python3.13/site-packages/rest_framework/settings.py", line 179, in import_from_string
    return import_string(val)
  File "/home/kilimanjaro/Desktop/cohort-kuku/backend/venv/lib/python3.13/site-packages/django/utils/module_loading.py", line 30, in import_string
    return cached_import(module_path, class_name)
  File "/home/kilimanjaro/Desktop/cohort-kuku/backend/venv/lib/python3.13/site-packages/django/utils/module_loading.py", line 15, in cached_import
    module = import_module(module_path)
  File "/usr/lib/python3.13/importlib/__init__.py", line 88, in import_module
    return _bootstrap._gcd_import(name[level:], package, level)
           ~~~~~~~~~~~~~~~~~~~~~~^^^^^^^^^^^^^^^^^^^^^^^^^^^^^^
  File "<frozen importlib._bootstrap>", line 1387, in _gcd_import
  File "<frozen importlib._bootstrap>", line 1360, in _find_and_load
  File "<frozen importlib._bootstrap>", line 1324, in _find_and_load_unlocked
ModuleNotFoundError: No module named 'config.exceptions'

During handling of the above exception, another exception occurred:

Traceback (most recent call last):
  File "/home/kilimanjaro/Desktop/cohort-kuku/backend/venv/lib/python3.13/site-packages/django/core/handlers/exception.py", line 55, in inner
    response = get_response(request)
  File "/home/kilimanjaro/Desktop/cohort-kuku/backend/venv/lib/python3.13/site-packages/django/core/handlers/base.py", line 197, in _get_response
    response = wrapped_callback(request, *callback_args, **callback_kwargs)
  File "/home/kilimanjaro/Desktop/cohort-kuku/backend/venv/lib/python3.13/site-packages/django/views/decorators/csrf.py", line 65, in _view_wrapper
    return view_func(request, *args, **kwargs)
  File "/home/kilimanjaro/Desktop/cohort-kuku/backend/venv/lib/python3.13/site-packages/rest_framework/viewsets.py", line 125, in view
    return self.dispatch(request, *args, **kwargs)
           ~~~~~~~~~~~~~^^^^^^^^^^^^^^^^^^^^^^^^^^
  File "/home/kilimanjaro/Desktop/cohort-kuku/backend/venv/lib/python3.13/site-packages/rest_framework/views.py", line 515, in dispatch
    response = self.handle_exception(exc)
  File "/home/kilimanjaro/Desktop/cohort-kuku/backend/venv/lib/python3.13/site-packages/rest_framework/views.py", line 469, in handle_exception
    exception_handler = self.get_exception_handler()
  File "/home/kilimanjaro/Desktop/cohort-kuku/backend/venv/lib/python3.13/site-packages/rest_framework/views.py", line 304, in get_exception_handler
    return self.settings.EXCEPTION_HANDLER
           ^^^^^^^^^^^^^^^^^^^^^^^^^^^^^^^
  File "/home/kilimanjaro/Desktop/cohort-kuku/backend/venv/lib/python3.13/site-packages/rest_framework/settings.py", line 227, in __getattr__
    val = perform_import(val, attr)
  File "/home/kilimanjaro/Desktop/cohort-kuku/backend/venv/lib/python3.13/site-packages/rest_framework/settings.py", line 168, in perform_import
    return import_from_string(val, setting_name)
  File "/home/kilimanjaro/Desktop/cohort-kuku/backend/venv/lib/python3.13/site-packages/rest_framework/settings.py", line 182, in import_from_string
    raise ImportError(msg)
ImportError: Could not import 'config.exceptions.custom_exception_handler' for API setting 'EXCEPTION_HANDLER'. ModuleNotFoundError: No module named 'config.exceptions'.
ERROR 2025-11-25 12:14:31,796 basehttp 40315 139997814453952 "GET /api/batches/ HTTP/1.1" 500 158739
INFO 2025-11-25 12:15:56,457 autoreload 40912 140459162561472 Watching for file changes with StatReloader
ERROR 2025-11-25 12:16:02,607 log 40912 140459064157888 Internal Server Error: /api/devices/
Traceback (most recent call last):
  File "/home/kilimanjaro/Desktop/cohort-kuku/backend/venv/lib/python3.13/site-packages/rest_framework/views.py", line 503, in dispatch
    self.initial(request, *args, **kwargs)
    ~~~~~~~~~~~~^^^^^^^^^^^^^^^^^^^^^^^^^^
  File "/home/kilimanjaro/Desktop/cohort-kuku/backend/venv/lib/python3.13/site-packages/rest_framework/views.py", line 421, in initial
    self.check_permissions(request)
    ~~~~~~~~~~~~~~~~~~~~~~^^^^^^^^^
  File "/home/kilimanjaro/Desktop/cohort-kuku/backend/venv/lib/python3.13/site-packages/rest_framework/views.py", line 339, in check_permissions
    self.permission_denied(
    ~~~~~~~~~~~~~~~~~~~~~~^
        request,
        ^^^^^^^^
        message=getattr(permission, 'message', None),
        ^^^^^^^^^^^^^^^^^^^^^^^^^^^^^^^^^^^^^^^^^^^^^
        code=getattr(permission, 'code', None)
        ^^^^^^^^^^^^^^^^^^^^^^^^^^^^^^^^^^^^^^
    )
    ^
  File "/home/kilimanjaro/Desktop/cohort-kuku/backend/venv/lib/python3.13/site-packages/rest_framework/views.py", line 180, in permission_denied
    raise exceptions.NotAuthenticated()
rest_framework.exceptions.NotAuthenticated: Authentication credentials were not provided.

During handling of the above exception, another exception occurred:

Traceback (most recent call last):
  File "/home/kilimanjaro/Desktop/cohort-kuku/backend/venv/lib/python3.13/site-packages/rest_framework/settings.py", line 179, in import_from_string
    return import_string(val)
  File "/home/kilimanjaro/Desktop/cohort-kuku/backend/venv/lib/python3.13/site-packages/django/utils/module_loading.py", line 30, in import_string
    return cached_import(module_path, class_name)
  File "/home/kilimanjaro/Desktop/cohort-kuku/backend/venv/lib/python3.13/site-packages/django/utils/module_loading.py", line 15, in cached_import
    module = import_module(module_path)
  File "/usr/lib/python3.13/importlib/__init__.py", line 88, in import_module
    return _bootstrap._gcd_import(name[level:], package, level)
           ~~~~~~~~~~~~~~~~~~~~~~^^^^^^^^^^^^^^^^^^^^^^^^^^^^^^
  File "<frozen importlib._bootstrap>", line 1387, in _gcd_import
  File "<frozen importlib._bootstrap>", line 1360, in _find_and_load
  File "<frozen importlib._bootstrap>", line 1324, in _find_and_load_unlocked
ModuleNotFoundError: No module named 'config.exceptions'

During handling of the above exception, another exception occurred:

Traceback (most recent call last):
  File "/home/kilimanjaro/Desktop/cohort-kuku/backend/venv/lib/python3.13/site-packages/django/core/handlers/exception.py", line 55, in inner
    response = get_response(request)
  File "/home/kilimanjaro/Desktop/cohort-kuku/backend/venv/lib/python3.13/site-packages/django/core/handlers/base.py", line 197, in _get_response
    response = wrapped_callback(request, *callback_args, **callback_kwargs)
  File "/home/kilimanjaro/Desktop/cohort-kuku/backend/venv/lib/python3.13/site-packages/django/views/decorators/csrf.py", line 65, in _view_wrapper
    return view_func(request, *args, **kwargs)
  File "/home/kilimanjaro/Desktop/cohort-kuku/backend/venv/lib/python3.13/site-packages/rest_framework/viewsets.py", line 125, in view
    return self.dispatch(request, *args, **kwargs)
           ~~~~~~~~~~~~~^^^^^^^^^^^^^^^^^^^^^^^^^^
  File "/home/kilimanjaro/Desktop/cohort-kuku/backend/venv/lib/python3.13/site-packages/rest_framework/views.py", line 515, in dispatch
    response = self.handle_exception(exc)
  File "/home/kilimanjaro/Desktop/cohort-kuku/backend/venv/lib/python3.13/site-packages/rest_framework/views.py", line 469, in handle_exception
    exception_handler = self.get_exception_handler()
  File "/home/kilimanjaro/Desktop/cohort-kuku/backend/venv/lib/python3.13/site-packages/rest_framework/views.py", line 304, in get_exception_handler
    return self.settings.EXCEPTION_HANDLER
           ^^^^^^^^^^^^^^^^^^^^^^^^^^^^^^^
  File "/home/kilimanjaro/Desktop/cohort-kuku/backend/venv/lib/python3.13/site-packages/rest_framework/settings.py", line 227, in __getattr__
    val = perform_import(val, attr)
  File "/home/kilimanjaro/Desktop/cohort-kuku/backend/venv/lib/python3.13/site-packages/rest_framework/settings.py", line 168, in perform_import
    return import_from_string(val, setting_name)
  File "/home/kilimanjaro/Desktop/cohort-kuku/backend/venv/lib/python3.13/site-packages/rest_framework/settings.py", line 182, in import_from_string
    raise ImportError(msg)
ImportError: Could not import 'config.exceptions.custom_exception_handler' for API setting 'EXCEPTION_HANDLER'. ModuleNotFoundError: No module named 'config.exceptions'.
ERROR 2025-11-25 12:16:02,612 basehttp 40912 140459064157888 "GET /api/devices/ HTTP/1.1" 500 158754
ERROR 2025-11-25 12:16:02,738 log 40912 140459064157888 Internal Server Error: /api/batches/
Traceback (most recent call last):
  File "/home/kilimanjaro/Desktop/cohort-kuku/backend/venv/lib/python3.13/site-packages/rest_framework/views.py", line 503, in dispatch
    self.initial(request, *args, **kwargs)
    ~~~~~~~~~~~~^^^^^^^^^^^^^^^^^^^^^^^^^^
  File "/home/kilimanjaro/Desktop/cohort-kuku/backend/venv/lib/python3.13/site-packages/rest_framework/views.py", line 421, in initial
    self.check_permissions(request)
    ~~~~~~~~~~~~~~~~~~~~~~^^^^^^^^^
  File "/home/kilimanjaro/Desktop/cohort-kuku/backend/venv/lib/python3.13/site-packages/rest_framework/views.py", line 339, in check_permissions
    self.permission_denied(
    ~~~~~~~~~~~~~~~~~~~~~~^
        request,
        ^^^^^^^^
        message=getattr(permission, 'message', None),
        ^^^^^^^^^^^^^^^^^^^^^^^^^^^^^^^^^^^^^^^^^^^^^
        code=getattr(permission, 'code', None)
        ^^^^^^^^^^^^^^^^^^^^^^^^^^^^^^^^^^^^^^
    )
    ^
  File "/home/kilimanjaro/Desktop/cohort-kuku/backend/venv/lib/python3.13/site-packages/rest_framework/views.py", line 180, in permission_denied
    raise exceptions.NotAuthenticated()
rest_framework.exceptions.NotAuthenticated: Authentication credentials were not provided.

During handling of the above exception, another exception occurred:

Traceback (most recent call last):
  File "/home/kilimanjaro/Desktop/cohort-kuku/backend/venv/lib/python3.13/site-packages/rest_framework/settings.py", line 179, in import_from_string
    return import_string(val)
  File "/home/kilimanjaro/Desktop/cohort-kuku/backend/venv/lib/python3.13/site-packages/django/utils/module_loading.py", line 30, in import_string
    return cached_import(module_path, class_name)
  File "/home/kilimanjaro/Desktop/cohort-kuku/backend/venv/lib/python3.13/site-packages/django/utils/module_loading.py", line 15, in cached_import
    module = import_module(module_path)
  File "/usr/lib/python3.13/importlib/__init__.py", line 88, in import_module
    return _bootstrap._gcd_import(name[level:], package, level)
           ~~~~~~~~~~~~~~~~~~~~~~^^^^^^^^^^^^^^^^^^^^^^^^^^^^^^
  File "<frozen importlib._bootstrap>", line 1387, in _gcd_import
  File "<frozen importlib._bootstrap>", line 1360, in _find_and_load
  File "<frozen importlib._bootstrap>", line 1324, in _find_and_load_unlocked
ModuleNotFoundError: No module named 'config.exceptions'

During handling of the above exception, another exception occurred:

Traceback (most recent call last):
  File "/home/kilimanjaro/Desktop/cohort-kuku/backend/venv/lib/python3.13/site-packages/django/core/handlers/exception.py", line 55, in inner
    response = get_response(request)
  File "/home/kilimanjaro/Desktop/cohort-kuku/backend/venv/lib/python3.13/site-packages/django/core/handlers/base.py", line 197, in _get_response
    response = wrapped_callback(request, *callback_args, **callback_kwargs)
  File "/home/kilimanjaro/Desktop/cohort-kuku/backend/venv/lib/python3.13/site-packages/django/views/decorators/csrf.py", line 65, in _view_wrapper
    return view_func(request, *args, **kwargs)
  File "/home/kilimanjaro/Desktop/cohort-kuku/backend/venv/lib/python3.13/site-packages/rest_framework/viewsets.py", line 125, in view
    return self.dispatch(request, *args, **kwargs)
           ~~~~~~~~~~~~~^^^^^^^^^^^^^^^^^^^^^^^^^^
  File "/home/kilimanjaro/Desktop/cohort-kuku/backend/venv/lib/python3.13/site-packages/rest_framework/views.py", line 515, in dispatch
    response = self.handle_exception(exc)
  File "/home/kilimanjaro/Desktop/cohort-kuku/backend/venv/lib/python3.13/site-packages/rest_framework/views.py", line 469, in handle_exception
    exception_handler = self.get_exception_handler()
  File "/home/kilimanjaro/Desktop/cohort-kuku/backend/venv/lib/python3.13/site-packages/rest_framework/views.py", line 304, in get_exception_handler
    return self.settings.EXCEPTION_HANDLER
           ^^^^^^^^^^^^^^^^^^^^^^^^^^^^^^^
  File "/home/kilimanjaro/Desktop/cohort-kuku/backend/venv/lib/python3.13/site-packages/rest_framework/settings.py", line 227, in __getattr__
    val = perform_import(val, attr)
  File "/home/kilimanjaro/Desktop/cohort-kuku/backend/venv/lib/python3.13/site-packages/rest_framework/settings.py", line 168, in perform_import
    return import_from_string(val, setting_name)
  File "/home/kilimanjaro/Desktop/cohort-kuku/backend/venv/lib/python3.13/site-packages/rest_framework/settings.py", line 182, in import_from_string
    raise ImportError(msg)
ImportError: Could not import 'config.exceptions.custom_exception_handler' for API setting 'EXCEPTION_HANDLER'. ModuleNotFoundError: No module named 'config.exceptions'.
ERROR 2025-11-25 12:16:02,741 basehttp 40912 140459064157888 "GET /api/batches/ HTTP/1.1" 500 158739
INFO 2025-11-25 12:17:21,476 autoreload 41542 140618527247296 Watching for file changes with StatReloader
INFO 2025-11-25 12:18:59,295 autoreload 42195 139731205422016 Watching for file changes with StatReloader
INFO 2025-11-25 13:31:03,585 autoreload 61362 140466039286720 Watching for file changes with StatReloader
ERROR 2025-11-25 13:31:10,317 log 61362 140465947010752 Internal Server Error: /api/devices/
Traceback (most recent call last):
  File "/home/kilimanjaro/Desktop/cohort-kuku/backend/venv/lib/python3.13/site-packages/rest_framework/views.py", line 503, in dispatch
    self.initial(request, *args, **kwargs)
    ~~~~~~~~~~~~^^^^^^^^^^^^^^^^^^^^^^^^^^
  File "/home/kilimanjaro/Desktop/cohort-kuku/backend/venv/lib/python3.13/site-packages/rest_framework/views.py", line 421, in initial
    self.check_permissions(request)
    ~~~~~~~~~~~~~~~~~~~~~~^^^^^^^^^
  File "/home/kilimanjaro/Desktop/cohort-kuku/backend/venv/lib/python3.13/site-packages/rest_framework/views.py", line 339, in check_permissions
    self.permission_denied(
    ~~~~~~~~~~~~~~~~~~~~~~^
        request,
        ^^^^^^^^
        message=getattr(permission, 'message', None),
        ^^^^^^^^^^^^^^^^^^^^^^^^^^^^^^^^^^^^^^^^^^^^^
        code=getattr(permission, 'code', None)
        ^^^^^^^^^^^^^^^^^^^^^^^^^^^^^^^^^^^^^^
    )
    ^
  File "/home/kilimanjaro/Desktop/cohort-kuku/backend/venv/lib/python3.13/site-packages/rest_framework/views.py", line 180, in permission_denied
    raise exceptions.NotAuthenticated()
rest_framework.exceptions.NotAuthenticated: Authentication credentials were not provided.

During handling of the above exception, another exception occurred:

Traceback (most recent call last):
  File "/home/kilimanjaro/Desktop/cohort-kuku/backend/venv/lib/python3.13/site-packages/rest_framework/settings.py", line 179, in import_from_string
    return import_string(val)
  File "/home/kilimanjaro/Desktop/cohort-kuku/backend/venv/lib/python3.13/site-packages/django/utils/module_loading.py", line 30, in import_string
    return cached_import(module_path, class_name)
  File "/home/kilimanjaro/Desktop/cohort-kuku/backend/venv/lib/python3.13/site-packages/django/utils/module_loading.py", line 15, in cached_import
    module = import_module(module_path)
  File "/usr/lib/python3.13/importlib/__init__.py", line 88, in import_module
    return _bootstrap._gcd_import(name[level:], package, level)
           ~~~~~~~~~~~~~~~~~~~~~~^^^^^^^^^^^^^^^^^^^^^^^^^^^^^^
  File "<frozen importlib._bootstrap>", line 1387, in _gcd_import
  File "<frozen importlib._bootstrap>", line 1360, in _find_and_load
  File "<frozen importlib._bootstrap>", line 1324, in _find_and_load_unlocked
ModuleNotFoundError: No module named 'config.exceptions'

During handling of the above exception, another exception occurred:

Traceback (most recent call last):
  File "/home/kilimanjaro/Desktop/cohort-kuku/backend/venv/lib/python3.13/site-packages/django/core/handlers/exception.py", line 55, in inner
    response = get_response(request)
  File "/home/kilimanjaro/Desktop/cohort-kuku/backend/venv/lib/python3.13/site-packages/django/core/handlers/base.py", line 197, in _get_response
    response = wrapped_callback(request, *callback_args, **callback_kwargs)
  File "/home/kilimanjaro/Desktop/cohort-kuku/backend/venv/lib/python3.13/site-packages/django/views/decorators/csrf.py", line 65, in _view_wrapper
    return view_func(request, *args, **kwargs)
  File "/home/kilimanjaro/Desktop/cohort-kuku/backend/venv/lib/python3.13/site-packages/rest_framework/viewsets.py", line 125, in view
    return self.dispatch(request, *args, **kwargs)
           ~~~~~~~~~~~~~^^^^^^^^^^^^^^^^^^^^^^^^^^
  File "/home/kilimanjaro/Desktop/cohort-kuku/backend/venv/lib/python3.13/site-packages/rest_framework/views.py", line 515, in dispatch
    response = self.handle_exception(exc)
  File "/home/kilimanjaro/Desktop/cohort-kuku/backend/venv/lib/python3.13/site-packages/rest_framework/views.py", line 469, in handle_exception
    exception_handler = self.get_exception_handler()
  File "/home/kilimanjaro/Desktop/cohort-kuku/backend/venv/lib/python3.13/site-packages/rest_framework/views.py", line 304, in get_exception_handler
    return self.settings.EXCEPTION_HANDLER
           ^^^^^^^^^^^^^^^^^^^^^^^^^^^^^^^
  File "/home/kilimanjaro/Desktop/cohort-kuku/backend/venv/lib/python3.13/site-packages/rest_framework/settings.py", line 227, in __getattr__
    val = perform_import(val, attr)
  File "/home/kilimanjaro/Desktop/cohort-kuku/backend/venv/lib/python3.13/site-packages/rest_framework/settings.py", line 168, in perform_import
    return import_from_string(val, setting_name)
  File "/home/kilimanjaro/Desktop/cohort-kuku/backend/venv/lib/python3.13/site-packages/rest_framework/settings.py", line 182, in import_from_string
    raise ImportError(msg)
ImportError: Could not import 'config.exceptions.custom_exception_handler' for API setting 'EXCEPTION_HANDLER'. ModuleNotFoundError: No module named 'config.exceptions'.
ERROR 2025-11-25 13:31:10,321 basehttp 61362 140465947010752 "GET /api/devices/ HTTP/1.1" 500 158754
ERROR 2025-11-25 13:31:10,489 log 61362 140465947010752 Internal Server Error: /api/batches/
Traceback (most recent call last):
  File "/home/kilimanjaro/Desktop/cohort-kuku/backend/venv/lib/python3.13/site-packages/rest_framework/views.py", line 503, in dispatch
    self.initial(request, *args, **kwargs)
    ~~~~~~~~~~~~^^^^^^^^^^^^^^^^^^^^^^^^^^
  File "/home/kilimanjaro/Desktop/cohort-kuku/backend/venv/lib/python3.13/site-packages/rest_framework/views.py", line 421, in initial
    self.check_permissions(request)
    ~~~~~~~~~~~~~~~~~~~~~~^^^^^^^^^
  File "/home/kilimanjaro/Desktop/cohort-kuku/backend/venv/lib/python3.13/site-packages/rest_framework/views.py", line 339, in check_permissions
    self.permission_denied(
    ~~~~~~~~~~~~~~~~~~~~~~^
        request,
        ^^^^^^^^
        message=getattr(permission, 'message', None),
        ^^^^^^^^^^^^^^^^^^^^^^^^^^^^^^^^^^^^^^^^^^^^^
        code=getattr(permission, 'code', None)
        ^^^^^^^^^^^^^^^^^^^^^^^^^^^^^^^^^^^^^^
    )
    ^
  File "/home/kilimanjaro/Desktop/cohort-kuku/backend/venv/lib/python3.13/site-packages/rest_framework/views.py", line 180, in permission_denied
    raise exceptions.NotAuthenticated()
rest_framework.exceptions.NotAuthenticated: Authentication credentials were not provided.

During handling of the above exception, another exception occurred:

Traceback (most recent call last):
  File "/home/kilimanjaro/Desktop/cohort-kuku/backend/venv/lib/python3.13/site-packages/rest_framework/settings.py", line 179, in import_from_string
    return import_string(val)
  File "/home/kilimanjaro/Desktop/cohort-kuku/backend/venv/lib/python3.13/site-packages/django/utils/module_loading.py", line 30, in import_string
    return cached_import(module_path, class_name)
  File "/home/kilimanjaro/Desktop/cohort-kuku/backend/venv/lib/python3.13/site-packages/django/utils/module_loading.py", line 15, in cached_import
    module = import_module(module_path)
  File "/usr/lib/python3.13/importlib/__init__.py", line 88, in import_module
    return _bootstrap._gcd_import(name[level:], package, level)
           ~~~~~~~~~~~~~~~~~~~~~~^^^^^^^^^^^^^^^^^^^^^^^^^^^^^^
  File "<frozen importlib._bootstrap>", line 1387, in _gcd_import
  File "<frozen importlib._bootstrap>", line 1360, in _find_and_load
  File "<frozen importlib._bootstrap>", line 1324, in _find_and_load_unlocked
ModuleNotFoundError: No module named 'config.exceptions'

During handling of the above exception, another exception occurred:

Traceback (most recent call last):
  File "/home/kilimanjaro/Desktop/cohort-kuku/backend/venv/lib/python3.13/site-packages/django/core/handlers/exception.py", line 55, in inner
    response = get_response(request)
  File "/home/kilimanjaro/Desktop/cohort-kuku/backend/venv/lib/python3.13/site-packages/django/core/handlers/base.py", line 197, in _get_response
    response = wrapped_callback(request, *callback_args, **callback_kwargs)
  File "/home/kilimanjaro/Desktop/cohort-kuku/backend/venv/lib/python3.13/site-packages/django/views/decorators/csrf.py", line 65, in _view_wrapper
    return view_func(request, *args, **kwargs)
  File "/home/kilimanjaro/Desktop/cohort-kuku/backend/venv/lib/python3.13/site-packages/rest_framework/viewsets.py", line 125, in view
    return self.dispatch(request, *args, **kwargs)
           ~~~~~~~~~~~~~^^^^^^^^^^^^^^^^^^^^^^^^^^
  File "/home/kilimanjaro/Desktop/cohort-kuku/backend/venv/lib/python3.13/site-packages/rest_framework/views.py", line 515, in dispatch
    response = self.handle_exception(exc)
  File "/home/kilimanjaro/Desktop/cohort-kuku/backend/venv/lib/python3.13/site-packages/rest_framework/views.py", line 469, in handle_exception
    exception_handler = self.get_exception_handler()
  File "/home/kilimanjaro/Desktop/cohort-kuku/backend/venv/lib/python3.13/site-packages/rest_framework/views.py", line 304, in get_exception_handler
    return self.settings.EXCEPTION_HANDLER
           ^^^^^^^^^^^^^^^^^^^^^^^^^^^^^^^
  File "/home/kilimanjaro/Desktop/cohort-kuku/backend/venv/lib/python3.13/site-packages/rest_framework/settings.py", line 227, in __getattr__
    val = perform_import(val, attr)
  File "/home/kilimanjaro/Desktop/cohort-kuku/backend/venv/lib/python3.13/site-packages/rest_framework/settings.py", line 168, in perform_import
    return import_from_string(val, setting_name)
  File "/home/kilimanjaro/Desktop/cohort-kuku/backend/venv/lib/python3.13/site-packages/rest_framework/settings.py", line 182, in import_from_string
    raise ImportError(msg)
ImportError: Could not import 'config.exceptions.custom_exception_handler' for API setting 'EXCEPTION_HANDLER'. ModuleNotFoundError: No module named 'config.exceptions'.
ERROR 2025-11-25 13:31:10,501 basehttp 61362 140465947010752 "GET /api/batches/ HTTP/1.1" 500 158739
INFO 2025-11-25 13:33:31,171 autoreload 62223 140640538811328 Watching for file changes with StatReloader
WARNING 2025-11-25 13:33:33,551 basehttp 62223 140640438445760 "GET /api/devices/ HTTP/1.1" 401 58
WARNING 2025-11-25 13:33:33,578 basehttp 62223 140640438445760 "GET /api/batches/ HTTP/1.1" 401 58
INFO 2025-11-25 13:39:01,001 autoreload 64248 139752447929280 Watching for file changes with StatReloader
WARNING 2025-11-25 13:39:08,919 basehttp 64248 139752349099712 "POST /api/token/ HTTP/1.1" 404 6617
WARNING 2025-11-25 13:39:37,864 basehttp 64248 139752349099712 "POST /api/token/ HTTP/1.1" 404 6617
INFO 2025-11-25 13:42:31,215 autoreload 64248 139752447929280 /home/kilimanjaro/Desktop/cohort-kuku/backend/config/urls.py changed, reloading.
INFO 2025-11-25 13:42:32,584 autoreload 65492 139836312845248 Watching for file changes with StatReloader
INFO 2025-11-25 13:42:40,278 autoreload 65492 139836312845248 /home/kilimanjaro/Desktop/cohort-kuku/backend/config/urls.py changed, reloading.
INFO 2025-11-25 13:42:41,528 autoreload 65577 140697124993984 Watching for file changes with StatReloader
INFO 2025-11-25 13:43:33,522 autoreload 65577 140697124993984 /home/kilimanjaro/Desktop/cohort-kuku/backend/config/settings.py changed, reloading.
INFO 2025-11-25 13:43:34,980 autoreload 65839 140183614098368 Watching for file changes with StatReloader
INFO 2025-11-25 13:43:36,485 autoreload 65839 140183614098368 /home/kilimanjaro/Desktop/cohort-kuku/backend/config/settings.py changed, reloading.
INFO 2025-11-25 13:43:37,550 autoreload 65886 139836094786496 Watching for file changes with StatReloader
WARNING 2025-11-25 13:43:53,300 basehttp 65886 139835995055808 "POST /api/token/ HTTP/1.1" 400 37
INFO 2025-11-25 13:44:30,426 basehttp 65886 139835995055808 "POST /api/token/ HTTP/1.1" 200 489
ERROR 2025-11-25 13:45:10,269 log 65886 139835995055808 Internal Server Error: /api/devices/
Traceback (most recent call last):
  File "/home/kilimanjaro/Desktop/cohort-kuku/backend/venv/lib/python3.13/site-packages/django/core/handlers/exception.py", line 55, in inner
    response = get_response(request)
  File "/home/kilimanjaro/Desktop/cohort-kuku/backend/venv/lib/python3.13/site-packages/django/core/handlers/base.py", line 197, in _get_response
    response = wrapped_callback(request, *callback_args, **callback_kwargs)
  File "/home/kilimanjaro/Desktop/cohort-kuku/backend/venv/lib/python3.13/site-packages/django/views/decorators/csrf.py", line 65, in _view_wrapper
    return view_func(request, *args, **kwargs)
  File "/home/kilimanjaro/Desktop/cohort-kuku/backend/venv/lib/python3.13/site-packages/rest_framework/viewsets.py", line 125, in view
    return self.dispatch(request, *args, **kwargs)
           ~~~~~~~~~~~~~^^^^^^^^^^^^^^^^^^^^^^^^^^
  File "/home/kilimanjaro/Desktop/cohort-kuku/backend/venv/lib/python3.13/site-packages/rest_framework/views.py", line 515, in dispatch
    response = self.handle_exception(exc)
  File "/home/kilimanjaro/Desktop/cohort-kuku/backend/venv/lib/python3.13/site-packages/rest_framework/views.py", line 475, in handle_exception
    self.raise_uncaught_exception(exc)
    ~~~~~~~~~~~~~~~~~~~~~~~~~~~~~^^^^^
  File "/home/kilimanjaro/Desktop/cohort-kuku/backend/venv/lib/python3.13/site-packages/rest_framework/views.py", line 486, in raise_uncaught_exception
    raise exc
  File "/home/kilimanjaro/Desktop/cohort-kuku/backend/venv/lib/python3.13/site-packages/rest_framework/views.py", line 512, in dispatch
    response = handler(request, *args, **kwargs)
  File "/home/kilimanjaro/Desktop/cohort-kuku/backend/venv/lib/python3.13/site-packages/rest_framework/mixins.py", line 40, in list
    page = self.paginate_queryset(queryset)
  File "/home/kilimanjaro/Desktop/cohort-kuku/backend/venv/lib/python3.13/site-packages/rest_framework/generics.py", line 175, in paginate_queryset
    return self.paginator.paginate_queryset(queryset, self.request, view=self)
           ~~~~~~~~~~~~~~~~~~~~~~~~~~~~~~~~^^^^^^^^^^^^^^^^^^^^^^^^^^^^^^^^^^^
  File "/home/kilimanjaro/Desktop/cohort-kuku/backend/venv/lib/python3.13/site-packages/rest_framework/pagination.py", line 222, in paginate_queryset
    return list(self.page)
  File "/home/kilimanjaro/Desktop/cohort-kuku/backend/venv/lib/python3.13/site-packages/django/core/paginator.py", line 191, in __len__
    return len(self.object_list)
  File "/home/kilimanjaro/Desktop/cohort-kuku/backend/venv/lib/python3.13/site-packages/django/db/models/query.py", line 368, in __len__
    self._fetch_all()
    ~~~~~~~~~~~~~~~^^
  File "/home/kilimanjaro/Desktop/cohort-kuku/backend/venv/lib/python3.13/site-packages/django/db/models/query.py", line 1954, in _fetch_all
    self._result_cache = list(self._iterable_class(self))
                         ~~~~^^^^^^^^^^^^^^^^^^^^^^^^^^^^
  File "/home/kilimanjaro/Desktop/cohort-kuku/backend/venv/lib/python3.13/site-packages/django/db/models/query.py", line 93, in __iter__
    results = compiler.execute_sql(
        chunked_fetch=self.chunked_fetch, chunk_size=self.chunk_size
    )
  File "/home/kilimanjaro/Desktop/cohort-kuku/backend/venv/lib/python3.13/site-packages/django/db/models/sql/compiler.py", line 1610, in execute_sql
    sql, params = self.as_sql()
                  ~~~~~~~~~~~^^
  File "/home/kilimanjaro/Desktop/cohort-kuku/backend/venv/lib/python3.13/site-packages/django/db/models/sql/compiler.py", line 766, in as_sql
    extra_select, order_by, group_by = self.pre_sql_setup(
                                       ~~~~~~~~~~~~~~~~~~^
        with_col_aliases=with_col_aliases or bool(combinator),
        ^^^^^^^^^^^^^^^^^^^^^^^^^^^^^^^^^^^^^^^^^^^^^^^^^^^^^^
    )
    ^
  File "/home/kilimanjaro/Desktop/cohort-kuku/backend/venv/lib/python3.13/site-packages/django/db/models/sql/compiler.py", line 85, in pre_sql_setup
    self.setup_query(with_col_aliases=with_col_aliases)
    ~~~~~~~~~~~~~~~~^^^^^^^^^^^^^^^^^^^^^^^^^^^^^^^^^^^
  File "/home/kilimanjaro/Desktop/cohort-kuku/backend/venv/lib/python3.13/site-packages/django/db/models/sql/compiler.py", line 74, in setup_query
    self.select, self.klass_info, self.annotation_col_map = self.get_select(
                                                            ~~~~~~~~~~~~~~~^
        with_col_aliases=with_col_aliases,
        ^^^^^^^^^^^^^^^^^^^^^^^^^^^^^^^^^^
    )
    ^
  File "/home/kilimanjaro/Desktop/cohort-kuku/backend/venv/lib/python3.13/site-packages/django/db/models/sql/compiler.py", line 299, in get_select
    related_klass_infos = self.get_related_selections(select, select_mask)
  File "/home/kilimanjaro/Desktop/cohort-kuku/backend/venv/lib/python3.13/site-packages/django/db/models/sql/compiler.py", line 1265, in get_related_selections
    next_klass_infos = self.get_related_selections(
        select,
    ...<5 lines>...
        restricted,
    )
  File "/home/kilimanjaro/Desktop/cohort-kuku/backend/venv/lib/python3.13/site-packages/django/db/models/sql/compiler.py", line 1396, in get_related_selections
    raise FieldError(
    ...<6 lines>...
    )
django.core.exceptions.FieldError: Invalid field name(s) given in select_related: 'farmer'. Choices are: owner
ERROR 2025-11-25 13:45:10,276 basehttp 65886 139835995055808 "GET /api/devices/ HTTP/1.1" 500 187947
ERROR 2025-11-25 13:45:43,787 log 65886 139835985614528 Internal Server Error: /api/devices/
Traceback (most recent call last):
  File "/home/kilimanjaro/Desktop/cohort-kuku/backend/venv/lib/python3.13/site-packages/django/core/handlers/exception.py", line 55, in inner
    response = get_response(request)
  File "/home/kilimanjaro/Desktop/cohort-kuku/backend/venv/lib/python3.13/site-packages/django/core/handlers/base.py", line 197, in _get_response
    response = wrapped_callback(request, *callback_args, **callback_kwargs)
  File "/home/kilimanjaro/Desktop/cohort-kuku/backend/venv/lib/python3.13/site-packages/django/views/decorators/csrf.py", line 65, in _view_wrapper
    return view_func(request, *args, **kwargs)
  File "/home/kilimanjaro/Desktop/cohort-kuku/backend/venv/lib/python3.13/site-packages/rest_framework/viewsets.py", line 125, in view
    return self.dispatch(request, *args, **kwargs)
           ~~~~~~~~~~~~~^^^^^^^^^^^^^^^^^^^^^^^^^^
  File "/home/kilimanjaro/Desktop/cohort-kuku/backend/venv/lib/python3.13/site-packages/rest_framework/views.py", line 515, in dispatch
    response = self.handle_exception(exc)
  File "/home/kilimanjaro/Desktop/cohort-kuku/backend/venv/lib/python3.13/site-packages/rest_framework/views.py", line 475, in handle_exception
    self.raise_uncaught_exception(exc)
    ~~~~~~~~~~~~~~~~~~~~~~~~~~~~~^^^^^
  File "/home/kilimanjaro/Desktop/cohort-kuku/backend/venv/lib/python3.13/site-packages/rest_framework/views.py", line 486, in raise_uncaught_exception
    raise exc
  File "/home/kilimanjaro/Desktop/cohort-kuku/backend/venv/lib/python3.13/site-packages/rest_framework/views.py", line 512, in dispatch
    response = handler(request, *args, **kwargs)
  File "/home/kilimanjaro/Desktop/cohort-kuku/backend/venv/lib/python3.13/site-packages/rest_framework/mixins.py", line 40, in list
    page = self.paginate_queryset(queryset)
  File "/home/kilimanjaro/Desktop/cohort-kuku/backend/venv/lib/python3.13/site-packages/rest_framework/generics.py", line 175, in paginate_queryset
    return self.paginator.paginate_queryset(queryset, self.request, view=self)
           ~~~~~~~~~~~~~~~~~~~~~~~~~~~~~~~~^^^^^^^^^^^^^^^^^^^^^^^^^^^^^^^^^^^
  File "/home/kilimanjaro/Desktop/cohort-kuku/backend/venv/lib/python3.13/site-packages/rest_framework/pagination.py", line 222, in paginate_queryset
    return list(self.page)
  File "/home/kilimanjaro/Desktop/cohort-kuku/backend/venv/lib/python3.13/site-packages/django/core/paginator.py", line 191, in __len__
    return len(self.object_list)
  File "/home/kilimanjaro/Desktop/cohort-kuku/backend/venv/lib/python3.13/site-packages/django/db/models/query.py", line 368, in __len__
    self._fetch_all()
    ~~~~~~~~~~~~~~~^^
  File "/home/kilimanjaro/Desktop/cohort-kuku/backend/venv/lib/python3.13/site-packages/django/db/models/query.py", line 1954, in _fetch_all
    self._result_cache = list(self._iterable_class(self))
                         ~~~~^^^^^^^^^^^^^^^^^^^^^^^^^^^^
  File "/home/kilimanjaro/Desktop/cohort-kuku/backend/venv/lib/python3.13/site-packages/django/db/models/query.py", line 93, in __iter__
    results = compiler.execute_sql(
        chunked_fetch=self.chunked_fetch, chunk_size=self.chunk_size
    )
  File "/home/kilimanjaro/Desktop/cohort-kuku/backend/venv/lib/python3.13/site-packages/django/db/models/sql/compiler.py", line 1610, in execute_sql
    sql, params = self.as_sql()
                  ~~~~~~~~~~~^^
  File "/home/kilimanjaro/Desktop/cohort-kuku/backend/venv/lib/python3.13/site-packages/django/db/models/sql/compiler.py", line 766, in as_sql
    extra_select, order_by, group_by = self.pre_sql_setup(
                                       ~~~~~~~~~~~~~~~~~~^
        with_col_aliases=with_col_aliases or bool(combinator),
        ^^^^^^^^^^^^^^^^^^^^^^^^^^^^^^^^^^^^^^^^^^^^^^^^^^^^^^
    )
    ^
  File "/home/kilimanjaro/Desktop/cohort-kuku/backend/venv/lib/python3.13/site-packages/django/db/models/sql/compiler.py", line 85, in pre_sql_setup
    self.setup_query(with_col_aliases=with_col_aliases)
    ~~~~~~~~~~~~~~~~^^^^^^^^^^^^^^^^^^^^^^^^^^^^^^^^^^^
  File "/home/kilimanjaro/Desktop/cohort-kuku/backend/venv/lib/python3.13/site-packages/django/db/models/sql/compiler.py", line 74, in setup_query
    self.select, self.klass_info, self.annotation_col_map = self.get_select(
                                                            ~~~~~~~~~~~~~~~^
        with_col_aliases=with_col_aliases,
        ^^^^^^^^^^^^^^^^^^^^^^^^^^^^^^^^^^
    )
    ^
  File "/home/kilimanjaro/Desktop/cohort-kuku/backend/venv/lib/python3.13/site-packages/django/db/models/sql/compiler.py", line 299, in get_select
    related_klass_infos = self.get_related_selections(select, select_mask)
  File "/home/kilimanjaro/Desktop/cohort-kuku/backend/venv/lib/python3.13/site-packages/django/db/models/sql/compiler.py", line 1265, in get_related_selections
    next_klass_infos = self.get_related_selections(
        select,
    ...<5 lines>...
        restricted,
    )
  File "/home/kilimanjaro/Desktop/cohort-kuku/backend/venv/lib/python3.13/site-packages/django/db/models/sql/compiler.py", line 1396, in get_related_selections
    raise FieldError(
    ...<6 lines>...
    )
django.core.exceptions.FieldError: Invalid field name(s) given in select_related: 'farmer'. Choices are: owner
ERROR 2025-11-25 13:45:43,791 basehttp 65886 139835985614528 "GET /api/devices/ HTTP/1.1" 500 187947
ERROR 2025-11-25 13:46:29,909 log 65886 139835977221824 Internal Server Error: /api/devices/
Traceback (most recent call last):
  File "/home/kilimanjaro/Desktop/cohort-kuku/backend/venv/lib/python3.13/site-packages/django/core/handlers/exception.py", line 55, in inner
    response = get_response(request)
  File "/home/kilimanjaro/Desktop/cohort-kuku/backend/venv/lib/python3.13/site-packages/django/core/handlers/base.py", line 197, in _get_response
    response = wrapped_callback(request, *callback_args, **callback_kwargs)
  File "/home/kilimanjaro/Desktop/cohort-kuku/backend/venv/lib/python3.13/site-packages/django/views/decorators/csrf.py", line 65, in _view_wrapper
    return view_func(request, *args, **kwargs)
  File "/home/kilimanjaro/Desktop/cohort-kuku/backend/venv/lib/python3.13/site-packages/rest_framework/viewsets.py", line 125, in view
    return self.dispatch(request, *args, **kwargs)
           ~~~~~~~~~~~~~^^^^^^^^^^^^^^^^^^^^^^^^^^
  File "/home/kilimanjaro/Desktop/cohort-kuku/backend/venv/lib/python3.13/site-packages/rest_framework/views.py", line 515, in dispatch
    response = self.handle_exception(exc)
  File "/home/kilimanjaro/Desktop/cohort-kuku/backend/venv/lib/python3.13/site-packages/rest_framework/views.py", line 475, in handle_exception
    self.raise_uncaught_exception(exc)
    ~~~~~~~~~~~~~~~~~~~~~~~~~~~~~^^^^^
  File "/home/kilimanjaro/Desktop/cohort-kuku/backend/venv/lib/python3.13/site-packages/rest_framework/views.py", line 486, in raise_uncaught_exception
    raise exc
  File "/home/kilimanjaro/Desktop/cohort-kuku/backend/venv/lib/python3.13/site-packages/rest_framework/views.py", line 512, in dispatch
    response = handler(request, *args, **kwargs)
  File "/home/kilimanjaro/Desktop/cohort-kuku/backend/venv/lib/python3.13/site-packages/rest_framework/mixins.py", line 40, in list
    page = self.paginate_queryset(queryset)
  File "/home/kilimanjaro/Desktop/cohort-kuku/backend/venv/lib/python3.13/site-packages/rest_framework/generics.py", line 175, in paginate_queryset
    return self.paginator.paginate_queryset(queryset, self.request, view=self)
           ~~~~~~~~~~~~~~~~~~~~~~~~~~~~~~~~^^^^^^^^^^^^^^^^^^^^^^^^^^^^^^^^^^^
  File "/home/kilimanjaro/Desktop/cohort-kuku/backend/venv/lib/python3.13/site-packages/rest_framework/pagination.py", line 222, in paginate_queryset
    return list(self.page)
  File "/home/kilimanjaro/Desktop/cohort-kuku/backend/venv/lib/python3.13/site-packages/django/core/paginator.py", line 191, in __len__
    return len(self.object_list)
  File "/home/kilimanjaro/Desktop/cohort-kuku/backend/venv/lib/python3.13/site-packages/django/db/models/query.py", line 368, in __len__
    self._fetch_all()
    ~~~~~~~~~~~~~~~^^
  File "/home/kilimanjaro/Desktop/cohort-kuku/backend/venv/lib/python3.13/site-packages/django/db/models/query.py", line 1954, in _fetch_all
    self._result_cache = list(self._iterable_class(self))
                         ~~~~^^^^^^^^^^^^^^^^^^^^^^^^^^^^
  File "/home/kilimanjaro/Desktop/cohort-kuku/backend/venv/lib/python3.13/site-packages/django/db/models/query.py", line 93, in __iter__
    results = compiler.execute_sql(
        chunked_fetch=self.chunked_fetch, chunk_size=self.chunk_size
    )
  File "/home/kilimanjaro/Desktop/cohort-kuku/backend/venv/lib/python3.13/site-packages/django/db/models/sql/compiler.py", line 1610, in execute_sql
    sql, params = self.as_sql()
                  ~~~~~~~~~~~^^
  File "/home/kilimanjaro/Desktop/cohort-kuku/backend/venv/lib/python3.13/site-packages/django/db/models/sql/compiler.py", line 766, in as_sql
    extra_select, order_by, group_by = self.pre_sql_setup(
                                       ~~~~~~~~~~~~~~~~~~^
        with_col_aliases=with_col_aliases or bool(combinator),
        ^^^^^^^^^^^^^^^^^^^^^^^^^^^^^^^^^^^^^^^^^^^^^^^^^^^^^^
    )
    ^
  File "/home/kilimanjaro/Desktop/cohort-kuku/backend/venv/lib/python3.13/site-packages/django/db/models/sql/compiler.py", line 85, in pre_sql_setup
    self.setup_query(with_col_aliases=with_col_aliases)
    ~~~~~~~~~~~~~~~~^^^^^^^^^^^^^^^^^^^^^^^^^^^^^^^^^^^
  File "/home/kilimanjaro/Desktop/cohort-kuku/backend/venv/lib/python3.13/site-packages/django/db/models/sql/compiler.py", line 74, in setup_query
    self.select, self.klass_info, self.annotation_col_map = self.get_select(
                                                            ~~~~~~~~~~~~~~~^
        with_col_aliases=with_col_aliases,
        ^^^^^^^^^^^^^^^^^^^^^^^^^^^^^^^^^^
    )
    ^
  File "/home/kilimanjaro/Desktop/cohort-kuku/backend/venv/lib/python3.13/site-packages/django/db/models/sql/compiler.py", line 299, in get_select
    related_klass_infos = self.get_related_selections(select, select_mask)
  File "/home/kilimanjaro/Desktop/cohort-kuku/backend/venv/lib/python3.13/site-packages/django/db/models/sql/compiler.py", line 1265, in get_related_selections
    next_klass_infos = self.get_related_selections(
        select,
    ...<5 lines>...
        restricted,
    )
  File "/home/kilimanjaro/Desktop/cohort-kuku/backend/venv/lib/python3.13/site-packages/django/db/models/sql/compiler.py", line 1396, in get_related_selections
    raise FieldError(
    ...<6 lines>...
    )
django.core.exceptions.FieldError: Invalid field name(s) given in select_related: 'farmer'. Choices are: owner
ERROR 2025-11-25 13:46:29,914 basehttp 65886 139835977221824 "GET /api/devices/ HTTP/1.1" 500 187947
INFO 2025-11-25 13:46:36,609 basehttp 65886 139835968829120 "GET /api/batches/ HTTP/1.1" 200 52
INFO 2025-11-25 13:47:52,026 autoreload 67680 140283805432768 Watching for file changes with StatReloader
INFO 2025-11-25 13:49:07,978 autoreload 67680 140283805432768 /home/kilimanjaro/Desktop/cohort-kuku/backend/farms/models.py changed, reloading.
INFO 2025-11-25 13:49:08,920 autoreload 68053 139801342921664 Watching for file changes with StatReloader
INFO 2025-11-25 13:49:22,742 autoreload 68053 139801342921664 /home/kilimanjaro/Desktop/cohort-kuku/backend/farms/models.py changed, reloading.
INFO 2025-11-25 13:49:23,868 autoreload 68151 140263068462016 Watching for file changes with StatReloader
INFO 2025-11-25 13:50:39,967 autoreload 68151 140263068462016 /home/kilimanjaro/Desktop/cohort-kuku/backend/farms/models.py changed, reloading.
INFO 2025-11-25 13:50:41,059 autoreload 68524 139926782249920 Watching for file changes with StatReloader
INFO 2025-11-25 13:50:57,860 autoreload 68524 139926782249920 /home/kilimanjaro/Desktop/cohort-kuku/backend/farms/models.py changed, reloading.
INFO 2025-11-25 13:50:58,892 autoreload 68645 140080633252800 Watching for file changes with StatReloader
INFO 2025-11-25 13:53:11,338 autoreload 68645 140080633252800 /home/kilimanjaro/Desktop/cohort-kuku/backend/inventory/models.py changed, reloading.
INFO 2025-11-25 13:53:12,657 autoreload 69294 139761958157248 Watching for file changes with StatReloader
INFO 2025-11-25 13:53:15,138 autoreload 69294 139761958157248 /home/kilimanjaro/Desktop/cohort-kuku/backend/inventory/models.py changed, reloading.
INFO 2025-11-25 13:53:16,128 autoreload 69331 140134683126720 Watching for file changes with StatReloader
INFO 2025-11-25 13:54:42,517 autoreload 69798 140102590847936 Watching for file changes with StatReloader
INFO 2025-11-25 14:52:16,594 autoreload 87428 140626916604864 Watching for file changes with StatReloader
INFO 2025-11-25 14:53:35,967 autoreload 87955 139715747404736 Watching for file changes with StatReloader
WARNING 2025-11-25 14:54:09,386 basehttp 87955 139715646842560 "GET / HTTP/1.1" 404 3293
WARNING 2025-11-25 14:54:12,784 basehttp 87955 139715646842560 "GET /favicon.ico HTTP/1.1" 404 3344
INFO 2025-11-25 14:54:17,449 basehttp 87955 139715646842560 "GET /admin/ HTTP/1.1" 302 0
INFO 2025-11-25 14:54:17,490 basehttp 87955 139715646842560 "GET /admin/login/?next=/admin/ HTTP/1.1" 200 4182
INFO 2025-11-25 14:54:17,592 basehttp 87955 139715646842560 "GET /static/admin/css/base.css HTTP/1.1" 200 22120
INFO 2025-11-25 14:54:17,608 basehttp 87955 139715638449856 "GET /static/admin/css/dark_mode.css HTTP/1.1" 200 2808
INFO 2025-11-25 14:54:17,630 basehttp 87955 139715403568832 "GET /static/admin/css/login.css HTTP/1.1" 200 951
INFO 2025-11-25 14:54:17,636 basehttp 87955 139715646842560 "GET /static/admin/js/theme.js HTTP/1.1" 200 1653
INFO 2025-11-25 14:54:17,638 basehttp 87955 139715411961536 "GET /static/admin/css/responsive.css HTTP/1.1" 200 16565
INFO 2025-11-25 14:54:17,645 basehttp 87955 139715420354240 "GET /static/admin/css/nav_sidebar.css HTTP/1.1" 200 2810
INFO 2025-11-25 14:54:17,758 basehttp 87955 139715646842560 "GET /static/admin/js/nav_sidebar.js HTTP/1.1" 200 3063
INFO 2025-11-25 14:54:39,149 basehttp 87955 139715646842560 "POST /admin/login/?next=/admin/ HTTP/1.1" 302 0
INFO 2025-11-25 14:54:39,199 basehttp 87955 139715646842560 "GET /admin/ HTTP/1.1" 200 14593
INFO 2025-11-25 14:54:39,319 basehttp 87955 139715646842560 "GET /static/admin/css/dashboard.css HTTP/1.1" 200 441
INFO 2025-11-25 14:54:39,425 basehttp 87955 139715646842560 "GET /static/admin/img/icon-addlink.svg HTTP/1.1" 200 331
INFO 2025-11-25 14:54:39,456 basehttp 87955 139715646842560 "GET /static/admin/img/icon-changelink.svg HTTP/1.1" 200 380
